               
               
┌─────────────┐
│ Scan Status │
└─────────────┘
  Scanning 271 files tracked by git with 6 Code rules:
                                                                                                                        
  Language     Rules   Files          Origin      Rules                                                                 
 ────────────────────────────        ───────────────────                                                                
  yaml             1       7          Community       6                                                                 
  dockerfile       6       2                                                                                            
                                                                                                                        
                
                
┌──────────────┐
│ Scan Summary │
└──────────────┘
✅ Scan completed successfully.
 • Findings: 1 (1 blocking)
 • Rules run: 6
 • Targets scanned: 9
 • Parsed lines: ~100.0%
 • Scan skipped: 
   ◦ Matching --exclude patterns: 38
   ◦ Files larger than  files 1.0 MB: 13
   ◦ Files matching .semgrepignore patterns: 27
 • Scan was limited to files tracked by git
 • For a detailed list of skipped files and lines, run semgrep with the --verbose flag
Ran 6 rules on 9 files: 1 finding.
                  
                  
┌────────────────┐
│ 1 Code Finding │
└────────────────┘
                                                                                   
    /home/f0ntz/Documents/ParaDevs-XIAOLEE-StellarAdapt/XiaoLee/frontend/Dockerfile
   ❯❯❱ dockerfile.security.missing-user.missing-user
          ❰❰ Blocking ❱❱
          By not specifying a USER, a program in the container may run as 'root'. This is a security hazard.
          If an attacker can control a process running as root, they may have control over the container.   
          Ensure that the last USER in a Dockerfile is a USER other than 'root'.                            
          Details: https://sg.run/Gbvn                                                                      
                                                                                                            
           ▶▶┆ Autofix ▶ USER non-root CMD ["sh", "-c", "serve -s . -l ${PORT:-3000}"]
           19┆ CMD ["sh", "-c", "serve -s . -l ${PORT:-3000}"]

