Paths that match both --include and --exclude will be skipped by Semgrep.
               
               
┌─────────────┐
│ Scan Status │
└─────────────┘
  Scanning 2 files tracked by git with 74 Code rules:
  Scanning 2 files with 68 js rules.
                
                
┌──────────────┐
│ Scan Summary │
└──────────────┘
✅ Scan completed successfully.
 • Findings: 0 (0 blocking)
 • Rules run: 68
 • Targets scanned: 2
 • Parsed lines: ~100.0%
 • Scan skipped: 
   ◦ Not matching --include patterns: 94
   ◦ Files matching .semgrepignore patterns: 2
 • Scan was limited to files tracked by git
 • For a detailed list of skipped files and lines, run semgrep with the --verbose flag
Ran 68 rules on 2 files: 0 findings.
(need more rules? `semgrep login` for additional free Semgrep Registry rules)

If Semgrep missed a finding, please send us feedback to let us know!
See https://semgrep.dev/docs/reporting-false-negatives/
